<?xml version="1.0" encoding="UTF-8"?>
<!-- Generated by org.testng.reporters.JUnitXMLReporter -->
<testsuite ignored="20" hostname="DESKTOP-C4GD19I" failures="0" tests="9" name="Method Test Cases" time="121.052" errors="0" timestamp="2022-12-29T15:00:20 GST">
  <testcase classname="TestNGtest.TC_ProductPage" name="TC_ZAllInputs" time="8.125"/>
  <testcase classname="TestNGtest.TC_ListProduct" name="TC_A" time="5.196"/>
  <testcase classname="TestNGtest.TC_ListProduct" name="TC_Bcheckbox" time="0.188"/>
  <testcase classname="TestNGtest.TC_ListProduct" name="TC_Cdelete" time="9.423"/>
  <testcase classname="TestNGtest.TC_ListProduct" name="TC_DdeleteWithNoElement" time="8.449"/>
  <testcase classname="TestNGtest.TC_Purchase" name="TC_AverifyTitle" time="8.159"/>
  <testcase classname="TestNGtest.TC_Purchase" name="TC_Isearchproduct" time="6.224"/>
  <testcase classname="TestNGtest.TC_Purchase" name="TC_JfileUpload" time="2.12"/>
  <testcase classname="TestNGtest.TC_Purchase" name="TC_ZvalidData" time="23.4"/>
  <testcase classname="TestNGtest.TC_Purchase" name="TC_Caddingwithoutstatus" time="0.0">
    <ignored/>
  </testcase> <!-- TC_Caddingwithoutstatus -->
  <testcase classname="TestNGtest.TC_ProductPage" name="TC_IinclusiveTax" time="0.0">
    <ignored/>
  </testcase> <!-- TC_IinclusiveTax -->
  <testcase classname="TestNGtest.TC_ProductPage" name="TC_save" time="0.0">
    <ignored/>
  </testcase> <!-- TC_save -->
  <testcase classname="TestNGtest.TC_ProductPage" name="TC_BwithoutUnit" time="0.0">
    <ignored/>
  </testcase> <!-- TC_BwithoutUnit -->
  <testcase classname="TestNGtest.TC_Purchase" name="TC_DaddingwithoutbusinessLoc" time="0.0">
    <ignored/>
  </testcase> <!-- TC_DaddingwithoutbusinessLoc -->
  <testcase classname="TestNGtest.TC_Purchase" name="TC_Kaddproduct" time="0.0">
    <ignored/>
  </testcase> <!-- TC_Kaddproduct -->
  <testcase classname="TestNGtest.TC_ListProduct" name="TC_AVerifyTitle" time="0.0">
    <ignored/>
  </testcase> <!-- TC_AVerifyTitle -->
  <testcase classname="TestNGtest.TC_ProductPage" name="TC_GmanageCheck" time="0.0">
    <ignored/>
  </testcase> <!-- TC_GmanageCheck -->
  <testcase classname="TestNGtest.TC_Purchase" name="TC_HdateCheck" time="0.0">
    <ignored/>
  </testcase> <!-- TC_HdateCheck -->
  <testcase classname="TestNGtest.TC_ProductPage" name="TC_FverifyTitle" time="0.0">
    <ignored/>
  </testcase> <!-- TC_FverifyTitle -->
  <testcase classname="TestNGtest.TC_ProductPage" name="TC_DwithoutExclusiveTax" time="0.0">
    <ignored/>
  </testcase> <!-- TC_DwithoutExclusiveTax -->
  <testcase classname="TestNGtest.TC_ProductPage" name="TC_Ewithoutnayfield" time="0.0">
    <ignored/>
  </testcase> <!-- TC_Ewithoutnayfield -->
  <testcase classname="TestNGtest.TC_ProductPage" name="TC_skuTooltip" time="0.0">
    <ignored/>
  </testcase> <!-- TC_skuTooltip -->
  <testcase classname="TestNGtest.TC_Purchase" name="TC_EaddingwithoutProduct" time="0.0">
    <ignored/>
  </testcase> <!-- TC_EaddingwithoutProduct -->
  <testcase classname="TestNGtest.TC_Purchase" name="TC_GCardDetails" time="0.0">
    <ignored/>
  </testcase> <!-- TC_GCardDetails -->
  <testcase classname="TestNGtest.TC_ProductPage" name="TC_AwithoutProName" time="0.0">
    <ignored/>
  </testcase> <!-- TC_AwithoutProName -->
  <testcase classname="TestNGtest.TC_ProductPage" name="TC_HUnitName" time="0.0">
    <ignored/>
  </testcase> <!-- TC_HUnitName -->
  <testcase classname="TestNGtest.TC_Purchase" name="TC_Baddingwithoutsuplier" time="0.0">
    <ignored/>
  </testcase> <!-- TC_Baddingwithoutsuplier -->
  <testcase classname="TestNGtest.TC_ProductPage" name="TC_CwithoutalertQuantity" time="0.0">
    <ignored/>
  </testcase> <!-- TC_CwithoutalertQuantity -->
  <testcase classname="TestNGtest.TC_Purchase" name="TC_Faddingwithoutamount" time="0.0">
    <ignored/>
  </testcase> <!-- TC_Faddingwithoutamount -->
</testsuite> <!-- Method Test Cases -->
