<?xml version="1.0" encoding="UTF-8"?>
<!-- Generated by org.testng.reporters.JUnitXMLReporter -->
<testsuite hostname="DESKTOP-C4GD19I" ignored="0" name="Default test" tests="5" failures="0" timestamp="2023-01-21T10:56:09 GST" time="56.164" errors="0">
  <testcase name="TC_AVerifyTitle" time="14.665" classname="TestNGtest.TC_ListProduct"/>
  <testcase name="TC_AverifySearch" time="13.715" classname="TestNGtest.TC_ListProduct"/>
  <testcase name="TC_Bverifycheckbox" time="0.207" classname="TestNGtest.TC_ListProduct"/>
  <testcase name="TC_Cverifydeletefunctio" time="8.635" classname="TestNGtest.TC_ListProduct"/>
  <testcase name="TC_DverifydeleteWithNoElement" time="2.281" classname="TestNGtest.TC_ListProduct"/>
</testsuite> <!-- Default test -->
