<?xml version="1.0" encoding="UTF-8"?>
<!-- Generated by org.testng.reporters.JUnitXMLReporter -->
<testsuite ignored="0" hostname="DESKTOP-C4GD19I" failures="0" tests="12" name="Default test" time="120.4" errors="0" timestamp="2023-01-04T17:24:03 GST">
  <testcase classname="TestNGtest.TC_Purchase" name="TC_AverifyTitle" time="5.36"/>
  <testcase classname="TestNGtest.TC_Purchase" name="TC_Baddingwithoutsuplier" time="12.435"/>
  <testcase classname="TestNGtest.TC_Purchase" name="TC_Caddingwithoutstatus" time="19.405"/>
  <testcase classname="TestNGtest.TC_Purchase" name="TC_DaddingwithoutbusinessLoc" time="13.403"/>
  <testcase classname="TestNGtest.TC_Purchase" name="TC_EaddingwithoutProduct" time="6.796"/>
  <testcase classname="TestNGtest.TC_Purchase" name="TC_Faddingwithoutamount" time="13.508"/>
  <testcase classname="TestNGtest.TC_Purchase" name="TC_GCardDetails" time="2.257"/>
  <testcase classname="TestNGtest.TC_Purchase" name="TC_HdateCheck" time="0.035"/>
  <testcase classname="TestNGtest.TC_Purchase" name="TC_Isearchproduct" time="6.285"/>
  <testcase classname="TestNGtest.TC_Purchase" name="TC_JfileUpload" time="2.123"/>
  <testcase classname="TestNGtest.TC_Purchase" name="TC_Kaddproduct" time="3.217"/>
  <testcase classname="TestNGtest.TC_Purchase" name="TC_ZvalidData" time="23.446"/>
</testsuite> <!-- Default test -->
