<?xml version="1.0" encoding="UTF-8"?>
<!-- Generated by org.testng.reporters.JUnitXMLReporter -->
<testsuite hostname="DESKTOP-C4GD19I" ignored="0" name="Test" tests="31" failures="1" timestamp="2023-01-18T13:56:02 GST" time="176.558" errors="0">
  <testcase name="TC_AVerifyTitle" time="0.08" classname="TestNGtest.TC_loginpage"/>
  <testcase name="TC_BVerifyloginDDwithInvalidData" time="4.412" classname="TestNGtest.TC_loginpage"/>
  <testcase name="TC_BVerifyloginDDwithInvalidData" time="4.511" classname="TestNGtest.TC_loginpage"/>
  <testcase name="TC_BVerifyloginDDwithInvalidData" time="6.007" classname="TestNGtest.TC_loginpage"/>
  <testcase name="TC_AVerifyTitle" time="21.885" classname="TestNGtest.TC_ListProduct"/>
  <testcase name="TC_AverifyTitle" time="26.856" classname="TestNGtest.TC_Purchase"/>
  <testcase name="TC_CVerifyloginwithValidData" time="14.044" classname="TestNGtest.TC_loginpage"/>
  <testcase name="TC_BVerifyaddingwithoutsuplier" time="11.6" classname="TestNGtest.TC_Purchase"/>
  <testcase name="TC_AverifywithoutProName" time="39.929" classname="TestNGtest.TC_ProductPage"/>
  <testcase name="TC_AverifySearch" time="22.49" classname="TestNGtest.TC_ListProduct"/>
  <testcase name="TC_Bverifycheckbox" time="0.124" classname="TestNGtest.TC_ListProduct"/>
  <testcase name="TC_CVerifywithoutalertQuantity" time="8.226" classname="TestNGtest.TC_ProductPage"/>
  <testcase name="TC_Cverifydeletefunctio" time="7.731" classname="TestNGtest.TC_ListProduct"/>
  <testcase name="TC_DVerifywithoutExclusiveTax" time="5.575" classname="TestNGtest.TC_ProductPage"/>
  <testcase name="TC_DverifydeleteWithNoElement" time="2.726" classname="TestNGtest.TC_ListProduct"/>
  <testcase name="TC_CVerifyaddingwithoutstatus" time="22.555" classname="TestNGtest.TC_Purchase"/>
  <testcase name="TC_EVerifywithoutnayfield" time="12.043" classname="TestNGtest.TC_ProductPage"/>
  <testcase name="TC_FverifyTitle" time="0.015" classname="TestNGtest.TC_ProductPage"/>
  <testcase name="TC_IverifyinclusiveTax" time="0.19" classname="TestNGtest.TC_ProductPage"/>
  <testcase name="TC_VerifyskuTooltip" time="0.216" classname="TestNGtest.TC_ProductPage"/>
  <testcase name="VerifyUserameDisplayed" time="40.052" classname="TestNGtest.TC_loginpage">
    <failure type="org.openqa.selenium.NoSuchElementException" message="no such element: Unable to locate element: {&amp;quot;method&amp;quot;:&amp;quot;css selector&amp;quot;,&amp;quot;selector&amp;quot;:&amp;quot;#password&amp;quot;}
  (Session info: chrome=109.0.5414.75)
For documentation on this error, please visit: https://selenium.dev/exceptions/#no_such_element
Build info: version: &amp;apos;4.4.0&amp;apos;, revision: &amp;apos;e5c75ed026a&amp;apos;
System info: host: &amp;apos;DESKTOP-C4GD19I&amp;apos;, ip: &amp;apos;192.168.0.106&amp;apos;, os.name: &amp;apos;Windows 10&amp;apos;, os.arch: &amp;apos;amd64&amp;apos;, os.version: &amp;apos;10.0&amp;apos;, java.version: &amp;apos;1.8.0_202&amp;apos;
Driver info: org.openqa.selenium.chrome.ChromeDriver
Command: [3d5e3810c5ae4180e467be45d87d6eba, findElement {using=id, value=password}]
Capabilities {acceptInsecureCerts: false, browserName: chrome, browserVersion: 109.0.5414.75, chrome: {chromedriverVersion: 109.0.5414.74 (e7c5703604da..., userDataDir: C:\Users\Sajida\AppData\Loc...}, goog:chromeOptions: {debuggerAddress: localhost:54784}, networkConnectionEnabled: false, pageLoadStrategy: normal, platformName: WINDOWS, proxy: Proxy(), se:cdp: ws://localhost:54784/devtoo..., se:cdpVersion: 109.0.5414.75, setWindowRect: true, strictFileInteractability: false, timeouts: {implicit: 0, pageLoad: 300000, script: 30000}, unhandledPromptBehavior: dismiss and notify, webauthn:extension:credBlob: true, webauthn:extension:largeBlob: true, webauthn:virtualAuthenticators: true}
Session ID: 3d5e3810c5ae4180e467be45d87d6eba">
      <![CDATA[org.openqa.selenium.NoSuchElementException: no such element: Unable to locate element: {"method":"css selector","selector":"#password"}
  (Session info: chrome=109.0.5414.75)
For documentation on this error, please visit: https://selenium.dev/exceptions/#no_such_element
Build info: version: '4.4.0', revision: 'e5c75ed026a'
System info: host: 'DESKTOP-C4GD19I', ip: '192.168.0.106', os.name: 'Windows 10', os.arch: 'amd64', os.version: '10.0', java.version: '1.8.0_202'
Driver info: org.openqa.selenium.chrome.ChromeDriver
Command: [3d5e3810c5ae4180e467be45d87d6eba, findElement {using=id, value=password}]
Capabilities {acceptInsecureCerts: false, browserName: chrome, browserVersion: 109.0.5414.75, chrome: {chromedriverVersion: 109.0.5414.74 (e7c5703604da..., userDataDir: C:\Users\Sajida\AppData\Loc...}, goog:chromeOptions: {debuggerAddress: localhost:54784}, networkConnectionEnabled: false, pageLoadStrategy: normal, platformName: WINDOWS, proxy: Proxy(), se:cdp: ws://localhost:54784/devtoo..., se:cdpVersion: 109.0.5414.75, setWindowRect: true, strictFileInteractability: false, timeouts: {implicit: 0, pageLoad: 300000, script: 30000}, unhandledPromptBehavior: dismiss and notify, webauthn:extension:credBlob: true, webauthn:extension:largeBlob: true, webauthn:virtualAuthenticators: true}
Session ID: 3d5e3810c5ae4180e467be45d87d6eba
at org.openqa.selenium.remote.codec.w3c.W3CHttpResponseCodec.createException(W3CHttpResponseCodec.java:200)
at org.openqa.selenium.remote.codec.w3c.W3CHttpResponseCodec.decode(W3CHttpResponseCodec.java:133)
at org.openqa.selenium.remote.codec.w3c.W3CHttpResponseCodec.decode(W3CHttpResponseCodec.java:53)
at org.openqa.selenium.remote.HttpCommandExecutor.execute(HttpCommandExecutor.java:184)
at org.openqa.selenium.remote.service.DriverCommandExecutor.invokeExecute(DriverCommandExecutor.java:167)
at org.openqa.selenium.remote.service.DriverCommandExecutor.execute(DriverCommandExecutor.java:142)
at org.openqa.selenium.remote.RemoteWebDriver.execute(RemoteWebDriver.java:547)
at org.openqa.selenium.remote.ElementLocation$ElementFinder$2.findElement(ElementLocation.java:162)
at org.openqa.selenium.remote.ElementLocation.findElement(ElementLocation.java:60)
at org.openqa.selenium.remote.RemoteWebDriver.findElement(RemoteWebDriver.java:365)
at org.openqa.selenium.remote.RemoteWebDriver.findElement(RemoteWebDriver.java:357)
at org.openqa.selenium.support.pagefactory.DefaultElementLocator.findElement(DefaultElementLocator.java:70)
at org.openqa.selenium.support.pagefactory.internal.LocatingElementHandler.invoke(LocatingElementHandler.java:39)
at com.sun.proxy.$Proxy23.isEnabled(Unknown Source)
at TestNGtest.TC_loginpage.VerifyUserameDisplayed(TC_loginpage.java:94)
at java.util.concurrent.ThreadPoolExecutor.runWorker(ThreadPoolExecutor.java:1149)
at java.util.concurrent.ThreadPoolExecutor$Worker.run(ThreadPoolExecutor.java:624)
at java.lang.Thread.run(Thread.java:748)
... Removed 16 stack frames]]>
    </failure>
  </testcase> <!-- VerifyUserameDisplayed -->
  <testcase name="TC_ZverifyAllInputs" time="10.182" classname="TestNGtest.TC_ProductPage"/>
  <testcase name="TC_DVerifyaddingwithoutbusinessLoc" time="21.573" classname="TestNGtest.TC_Purchase"/>
  <testcase name="TC_EVerifyaddingwithoutProduct" time="2.577" classname="TestNGtest.TC_Purchase"/>
  <testcase name="TC_FVerifyaddingwithoutamount" time="15.847" classname="TestNGtest.TC_Purchase"/>
  <testcase name="TC_GVerifyCardDetails" time="2.183" classname="TestNGtest.TC_Purchase"/>
  <testcase name="TC_HVerifydateCheck" time="0.03" classname="TestNGtest.TC_Purchase"/>
  <testcase name="TC_IVerifysearchproduct" time="9.235" classname="TestNGtest.TC_Purchase"/>
  <testcase name="TC_JVerifyfileUpload" time="2.071" classname="TestNGtest.TC_Purchase"/>
  <testcase name="TC_KVerifyaddproduct" time="3.175" classname="TestNGtest.TC_Purchase"/>
  <testcase name="TC_ZVerifyvalidData" time="27.825" classname="TestNGtest.TC_Purchase"/>
</testsuite> <!-- Test -->
