<?xml version="1.0" encoding="UTF-8"?>
<testng-results skipped="0" failed="0" ignored="0" total="5" passed="5">
  <reporter-output>
  </reporter-output>
  <suite name="Default suite" duration-ms="56164" started-at="2023-01-21T10:55:13 GST" finished-at="2023-01-21T10:56:09 GST">
    <groups>
      <group name="smoke">
        <method signature="TC_ListProduct.TC_AVerifyTitle()[pri:1, instance:TestNGtest.TC_ListProduct@7e07db1f]" name="TC_AVerifyTitle" class="TestNGtest.TC_ListProduct"/>
      </group> <!-- smoke -->
      <group name=" smoke">
        <method signature="TC_ListProduct.TC_AverifySearch()[pri:2, instance:TestNGtest.TC_ListProduct@7e07db1f]" name="TC_AverifySearch" class="TestNGtest.TC_ListProduct"/>
      </group> <!--  smoke -->
    </groups>
    <test name="Default test" duration-ms="56164" started-at="2023-01-21T10:55:13 GST" finished-at="2023-01-21T10:56:09 GST">
      <class name="TestNGtest.TC_ListProduct">
        <test-method status="PASS" signature="beforeTest()[pri:0, instance:TestNGtest.TC_ListProduct@7e07db1f]" name="beforeTest" is-config="true" duration-ms="15662" started-at="2023-01-21T10:55:13 GST" finished-at="2023-01-21T10:55:29 GST">
          <reporter-output>
          </reporter-output>
        </test-method> <!-- beforeTest -->
        <test-method status="PASS" signature="TC_AVerifyTitle()[pri:1, instance:TestNGtest.TC_ListProduct@7e07db1f]" name="TC_AVerifyTitle" duration-ms="14665" started-at="2023-01-21T10:55:29 GST" finished-at="2023-01-21T10:55:43 GST">
          <reporter-output>
          </reporter-output>
        </test-method> <!-- TC_AVerifyTitle -->
        <test-method status="PASS" signature="validateTestCases(org.testng.ITestResult)[pri:0, instance:TestNGtest.TC_ListProduct@7e07db1f]" name="validateTestCases" is-config="true" duration-ms="3" started-at="2023-01-21T10:55:44 GST" finished-at="2023-01-21T10:55:44 GST">
          <params>
            <param index="0">
              <value>
                <![CDATA[[TestResult name=TC_AVerifyTitle status=SUCCESS method=TC_ListProduct.TC_AVerifyTitle()[pri:1, instance:TestNGtest.TC_ListProduct@7e07db1f] output={null}]]]>
              </value>
            </param>
          </params>
          <reporter-output>
          </reporter-output>
        </test-method> <!-- validateTestCases -->
        <test-method status="PASS" signature="TC_AverifySearch()[pri:2, instance:TestNGtest.TC_ListProduct@7e07db1f]" name="TC_AverifySearch" duration-ms="13715" started-at="2023-01-21T10:55:44 GST" finished-at="2023-01-21T10:55:57 GST">
          <reporter-output>
          </reporter-output>
        </test-method> <!-- TC_AverifySearch -->
        <test-method status="PASS" signature="validateTestCases(org.testng.ITestResult)[pri:0, instance:TestNGtest.TC_ListProduct@7e07db1f]" name="validateTestCases" is-config="true" duration-ms="1" started-at="2023-01-21T10:55:57 GST" finished-at="2023-01-21T10:55:57 GST">
          <params>
            <param index="0">
              <value>
                <![CDATA[[TestResult name=TC_AverifySearch status=SUCCESS method=TC_ListProduct.TC_AverifySearch()[pri:2, instance:TestNGtest.TC_ListProduct@7e07db1f] output={null}]]]>
              </value>
            </param>
          </params>
          <reporter-output>
          </reporter-output>
        </test-method> <!-- validateTestCases -->
        <test-method status="PASS" signature="TC_Bverifycheckbox()[pri:3, instance:TestNGtest.TC_ListProduct@7e07db1f]" name="TC_Bverifycheckbox" duration-ms="207" started-at="2023-01-21T10:55:57 GST" finished-at="2023-01-21T10:55:58 GST">
          <reporter-output>
          </reporter-output>
        </test-method> <!-- TC_Bverifycheckbox -->
        <test-method status="PASS" signature="validateTestCases(org.testng.ITestResult)[pri:0, instance:TestNGtest.TC_ListProduct@7e07db1f]" name="validateTestCases" is-config="true" duration-ms="1" started-at="2023-01-21T10:55:58 GST" finished-at="2023-01-21T10:55:58 GST">
          <params>
            <param index="0">
              <value>
                <![CDATA[[TestResult name=TC_Bverifycheckbox status=SUCCESS method=TC_ListProduct.TC_Bverifycheckbox()[pri:3, instance:TestNGtest.TC_ListProduct@7e07db1f] output={null}]]]>
              </value>
            </param>
          </params>
          <reporter-output>
          </reporter-output>
        </test-method> <!-- validateTestCases -->
        <test-method status="PASS" signature="TC_Cverifydeletefunctio()[pri:4, instance:TestNGtest.TC_ListProduct@7e07db1f]" name="TC_Cverifydeletefunctio" duration-ms="8635" started-at="2023-01-21T10:55:58 GST" finished-at="2023-01-21T10:56:06 GST">
          <reporter-output>
          </reporter-output>
        </test-method> <!-- TC_Cverifydeletefunctio -->
        <test-method status="PASS" signature="validateTestCases(org.testng.ITestResult)[pri:0, instance:TestNGtest.TC_ListProduct@7e07db1f]" name="validateTestCases" is-config="true" duration-ms="1" started-at="2023-01-21T10:56:06 GST" finished-at="2023-01-21T10:56:06 GST">
          <params>
            <param index="0">
              <value>
                <![CDATA[[TestResult name=TC_Cverifydeletefunctio status=SUCCESS method=TC_ListProduct.TC_Cverifydeletefunctio()[pri:4, instance:TestNGtest.TC_ListProduct@7e07db1f] output={null}]]]>
              </value>
            </param>
          </params>
          <reporter-output>
          </reporter-output>
        </test-method> <!-- validateTestCases -->
        <test-method status="PASS" signature="TC_DverifydeleteWithNoElement()[pri:5, instance:TestNGtest.TC_ListProduct@7e07db1f]" name="TC_DverifydeleteWithNoElement" duration-ms="2281" started-at="2023-01-21T10:56:06 GST" finished-at="2023-01-21T10:56:08 GST">
          <reporter-output>
          </reporter-output>
        </test-method> <!-- TC_DverifydeleteWithNoElement -->
        <test-method status="PASS" signature="validateTestCases(org.testng.ITestResult)[pri:0, instance:TestNGtest.TC_ListProduct@7e07db1f]" name="validateTestCases" is-config="true" duration-ms="1" started-at="2023-01-21T10:56:08 GST" finished-at="2023-01-21T10:56:08 GST">
          <params>
            <param index="0">
              <value>
                <![CDATA[[TestResult name=TC_DverifydeleteWithNoElement status=SUCCESS method=TC_ListProduct.TC_DverifydeleteWithNoElement()[pri:5, instance:TestNGtest.TC_ListProduct@7e07db1f] output={null}]]]>
              </value>
            </param>
          </params>
          <reporter-output>
          </reporter-output>
        </test-method> <!-- validateTestCases -->
        <test-method status="PASS" signature="afterTest()[pri:0, instance:TestNGtest.TC_ListProduct@7e07db1f]" name="afterTest" is-config="true" duration-ms="765" started-at="2023-01-21T10:56:08 GST" finished-at="2023-01-21T10:56:09 GST">
          <reporter-output>
          </reporter-output>
        </test-method> <!-- afterTest -->
      </class> <!-- TestNGtest.TC_ListProduct -->
    </test> <!-- Default test -->
  </suite> <!-- Default suite -->
</testng-results>
